TN:
SF:src/core/utils/bcrypt.ts
FN:3,(anonymous_1)
FN:4,(anonymous_2)
FNF:2
FNH:0
FNDA:0,(anonymous_1)
FNDA:0,(anonymous_2)
DA:1,1
DA:3,1
DA:4,1
LF:3
LH:3
BRF:0
BRH:0
end_of_record
TN:
SF:src/core/utils/loger.ts
FNF:0
FNH:0
DA:1,1
DA:2,1
DA:4,1
DA:6,1
DA:24,1
DA:25,1
DA:32,1
LF:7
LH:7
BRDA:24,0,0,1
BRDA:24,0,1,0
BRF:2
BRH:1
end_of_record
TN:
SF:src/modules/auth/controllers/auth.controller.ts
FN:19,(anonymous_1)
FN:22,(anonymous_2)
FN:25,(anonymous_3)
FN:31,(anonymous_4)
FN:61,(anonymous_5)
FN:109,(anonymous_6)
FN:148,(anonymous_7)
FN:168,(anonymous_8)
FN:194,(anonymous_9)
FN:212,(anonymous_10)
FN:231,(anonymous_11)
FN:258,(anonymous_12)
FNF:12
FNH:12
FNDA:2,(anonymous_1)
FNDA:4,(anonymous_2)
FNDA:2,(anonymous_3)
FNDA:2,(anonymous_4)
FNDA:1,(anonymous_5)
FNDA:1,(anonymous_6)
FNDA:1,(anonymous_7)
FNDA:1,(anonymous_8)
FNDA:1,(anonymous_9)
FNDA:1,(anonymous_10)
FNDA:1,(anonymous_11)
FNDA:1,(anonymous_12)
DA:2,1
DA:3,1
DA:4,1
DA:5,1
DA:6,1
DA:7,1
DA:14,1
DA:15,1
DA:16,1
DA:19,2
DA:22,4
DA:25,1
DA:26,2
DA:27,2
DA:31,1
DA:32,2
DA:33,2
DA:34,2
DA:36,2
DA:38,2
DA:39,2
DA:41,2
DA:42,2
DA:44,2
DA:45,2
DA:47,1
DA:48,1
DA:50,1
DA:52,1
DA:53,1
DA:55,0
DA:56,0
DA:61,1
DA:62,1
DA:63,1
DA:64,1
DA:65,0
DA:67,1
DA:69,1
DA:70,1
DA:72,1
DA:73,1
DA:75,1
DA:76,1
DA:78,1
DA:79,1
DA:80,1
DA:82,1
DA:89,1
DA:97,1
DA:98,1
DA:100,1
DA:101,1
DA:103,0
DA:104,0
DA:109,1
DA:110,1
DA:111,1
DA:112,1
DA:114,1
DA:115,1
DA:116,1
DA:118,1
DA:119,1
DA:120,1
DA:122,1
DA:124,1
DA:131,1
DA:139,1
DA:140,1
DA:142,0
DA:143,0
DA:148,1
DA:149,1
DA:150,1
DA:151,1
DA:152,1
DA:153,1
DA:156,1
DA:157,1
DA:159,1
DA:160,1
DA:162,0
DA:163,0
DA:168,1
DA:169,1
DA:170,1
DA:171,1
DA:172,0
DA:174,1
DA:176,1
DA:177,1
DA:179,1
DA:180,1
DA:182,1
DA:183,1
DA:185,1
DA:186,1
DA:188,0
DA:189,0
DA:194,1
DA:195,1
DA:196,1
DA:197,1
DA:198,0
DA:200,1
DA:201,1
DA:202,1
DA:204,1
DA:206,0
DA:207,0
DA:212,1
DA:213,1
DA:214,1
DA:215,1
DA:216,0
DA:218,1
DA:219,1
DA:220,1
DA:222,1
DA:223,1
DA:225,0
DA:226,0
DA:231,1
DA:232,1
DA:233,1
DA:234,0
DA:236,1
DA:248,1
DA:250,1
DA:252,0
DA:253,0
DA:258,1
DA:259,1
DA:260,1
DA:261,1
DA:263,1
DA:264,1
DA:266,1
DA:267,1
DA:269,1
DA:271,1
DA:272,1
DA:274,0
DA:275,0
LF:145
LH:122
BRDA:34,0,0,0
BRDA:34,0,1,2
BRDA:39,1,0,0
BRDA:39,1,1,2
BRDA:42,2,0,0
BRDA:42,2,1,2
BRDA:45,3,0,1
BRDA:45,3,1,1
BRDA:48,4,0,0
BRDA:48,4,1,1
BRDA:64,5,0,0
BRDA:64,5,1,1
BRDA:70,6,0,0
BRDA:70,6,1,1
BRDA:73,7,0,0
BRDA:73,7,1,1
BRDA:76,8,0,0
BRDA:76,8,1,1
BRDA:112,9,0,0
BRDA:112,9,1,1
BRDA:116,10,0,0
BRDA:116,10,1,1
BRDA:151,11,0,1
BRDA:151,11,1,0
BRDA:171,12,0,0
BRDA:171,12,1,1
BRDA:177,13,0,0
BRDA:177,13,1,1
BRDA:180,14,0,0
BRDA:180,14,1,1
BRDA:183,15,0,0
BRDA:183,15,1,1
BRDA:197,16,0,0
BRDA:197,16,1,1
BRDA:202,17,0,0
BRDA:202,17,1,1
BRDA:215,18,0,0
BRDA:215,18,1,1
BRDA:233,19,0,0
BRDA:233,19,1,1
BRDA:233,20,0,1
BRDA:233,20,1,1
BRDA:248,21,0,0
BRDA:248,21,1,1
BRDA:261,22,0,0
BRDA:261,22,1,1
BRDA:264,23,0,0
BRDA:264,23,1,1
BRDA:267,24,0,0
BRDA:267,24,1,1
BRF:50
BRH:27
end_of_record
TN:
SF:src/modules/auth/dto/auth.dto.ts
FN:3,(anonymous_0)
FN:4,(anonymous_1)
FN:30,(anonymous_2)
FN:38,(anonymous_3)
FN:50,(anonymous_4)
FN:57,(anonymous_5)
FNF:6
FNH:6
FNDA:3,(anonymous_0)
FNDA:3,(anonymous_1)
FNDA:1,(anonymous_2)
FNDA:1,(anonymous_3)
FNDA:1,(anonymous_4)
FNDA:1,(anonymous_5)
DA:1,1
DA:3,3
DA:4,3
DA:9,1
DA:15,1
DA:26,1
DA:30,1
DA:34,1
DA:38,1
DA:46,1
DA:50,1
DA:57,1
LF:12
LH:12
BRF:0
BRH:0
end_of_record
TN:
SF:src/modules/loging/services/promoUsage.service.ts
FN:9,(anonymous_1)
FN:36,(anonymous_2)
FN:64,(anonymous_3)
FN:70,(anonymous_4)
FN:87,(anonymous_5)
FN:112,(anonymous_6)
FNF:6
FNH:6
FNDA:1,(anonymous_1)
FNDA:1,(anonymous_2)
FNDA:2,(anonymous_3)
FNDA:2,(anonymous_4)
FNDA:1,(anonymous_5)
FNDA:1,(anonymous_6)
DA:1,1
DA:2,1
DA:3,1
DA:5,1
DA:13,1
DA:15,1
DA:30,1
DA:37,1
DA:42,1
DA:44,1
DA:50,1
DA:69,2
DA:70,2
DA:78,2
DA:79,2
DA:88,1
DA:89,1
DA:92,1
DA:102,1
DA:105,1
DA:108,1
DA:112,1
DA:114,1
DA:115,1
DA:125,1
DA:140,1
DA:144,1
LF:27
LH:27
BRDA:13,0,0,0
BRDA:13,1,0,0
BRDA:13,2,0,1
BRDA:13,2,1,0
BRDA:42,3,0,0
BRDA:42,3,1,1
BRDA:54,4,0,1
BRDA:54,4,1,0
BRDA:102,5,0,0
BRDA:102,5,1,1
BRDA:114,6,0,1
BRDA:114,6,1,0
BRF:12
BRH:5
end_of_record
TN:
SF:src/modules/sysadmin/controllers/admin.controller.ts
FN:9,(anonymous_0)
FN:56,(anonymous_1)
FN:73,(anonymous_2)
FN:75,(anonymous_3)
FN:89,(anonymous_4)
FN:92,(anonymous_5)
FN:93,(anonymous_6)
FN:103,(anonymous_7)
FN:118,(anonymous_8)
FNF:9
FNH:9
FNDA:4,(anonymous_0)
FNDA:3,(anonymous_1)
FNDA:2,(anonymous_2)
FNDA:2,(anonymous_3)
FNDA:2,(anonymous_4)
FNDA:1,(anonymous_5)
FNDA:1,(anonymous_6)
FNDA:1,(anonymous_7)
FNDA:3,(anonymous_8)
DA:2,1
DA:3,1
DA:4,1
DA:9,1
DA:10,4
DA:11,4
DA:12,0
DA:16,4
DA:17,4
DA:19,4
DA:22,4
DA:23,2
DA:24,1
DA:26,1
DA:34,2
DA:44,2
DA:46,1
DA:47,1
DA:51,0
DA:56,1
DA:57,3
DA:58,3
DA:59,3
DA:60,0
DA:64,3
DA:66,3
DA:67,3
DA:68,3
DA:69,3
DA:70,3
DA:71,3
DA:73,3
DA:74,3
DA:75,2
DA:76,3
DA:78,1
DA:80,0
DA:81,0
DA:84,0
DA:89,1
DA:90,2
DA:91,2
DA:92,2
DA:93,2
DA:94,2
DA:96,1
DA:98,0
DA:103,1
DA:104,1
DA:105,1
DA:108,1
DA:111,1
DA:113,0
DA:118,1
DA:119,3
DA:120,3
DA:121,3
DA:122,3
DA:123,3
DA:124,2
DA:126,0
LF:61
LH:52
BRDA:11,0,0,0
BRDA:11,0,1,4
BRDA:22,1,0,2
BRDA:22,1,1,2
BRDA:23,2,0,1
BRDA:23,2,1,1
BRDA:39,3,0,2
BRDA:39,3,1,2
BRDA:46,4,0,1
BRDA:46,4,1,0
BRDA:59,5,0,0
BRDA:59,5,1,3
BRDA:68,6,0,3
BRDA:68,6,1,0
BRDA:69,7,0,0
BRDA:69,7,1,3
BRDA:70,8,0,0
BRDA:70,8,1,3
BRDA:71,9,0,0
BRDA:71,9,1,3
BRDA:74,10,0,2
BRDA:74,10,1,1
BRDA:76,11,0,2
BRDA:76,11,1,1
BRDA:80,12,0,0
BRDA:80,12,1,0
BRDA:93,13,0,1
BRDA:93,13,1,1
BRDA:94,14,0,1
BRDA:94,14,1,1
BRDA:122,15,0,2
BRDA:122,15,1,1
BRDA:123,16,0,1
BRDA:123,16,1,2
BRF:34
BRH:25
end_of_record
TN:
SF:src/modules/sysadmin/controllers/ip.controller.ts
FN:41,(anonymous_0)
FN:51,(anonymous_1)
FN:61,(anonymous_2)
FN:71,(anonymous_3)
FN:83,(anonymous_4)
FN:94,(anonymous_5)
FNF:6
FNH:4
FNDA:2,(anonymous_0)
FNDA:2,(anonymous_1)
FNDA:1,(anonymous_2)
FNDA:0,(anonymous_3)
FNDA:0,(anonymous_4)
FNDA:1,(anonymous_5)
DA:2,6
DA:3,6
DA:4,6
DA:6,6
DA:9,6
DA:20,6
DA:29,6
DA:40,6
DA:42,2
DA:43,2
DA:44,2
DA:45,2
DA:47,0
DA:52,2
DA:53,2
DA:54,2
DA:55,1
DA:57,0
DA:62,1
DA:63,1
DA:64,1
DA:65,1
DA:67,0
DA:72,0
DA:73,0
DA:74,0
DA:77,0
DA:79,0
DA:84,0
DA:85,0
DA:86,0
DA:87,0
DA:89,0
DA:90,0
DA:95,1
DA:96,1
DA:97,1
DA:99,0
DA:100,0
LF:39
LH:23
BRDA:54,0,0,1
BRDA:54,0,1,1
BRDA:75,1,0,0
BRDA:75,1,1,0
BRDA:89,2,0,0
BRDA:89,2,1,0
BRDA:99,3,0,0
BRDA:99,3,1,0
BRF:8
BRH:2
end_of_record
TN:
SF:src/modules/sysadmin/dto/auth.dto.ts
FN:3,(anonymous_0)
FN:4,(anonymous_1)
FNF:2
FNH:2
FNDA:7,(anonymous_0)
FNDA:4,(anonymous_1)
DA:1,1
DA:3,7
DA:4,4
DA:7,1
DA:26,1
LF:5
LH:5
BRF:0
BRH:0
end_of_record
TN:
SF:src/testing/helpers/mockExpress.ts
FN:1,(anonymous_0)
FN:9,(anonymous_1)
FNF:2
FNH:2
FNDA:29,(anonymous_0)
FNDA:29,(anonymous_1)
DA:1,3
DA:2,29
DA:9,3
DA:10,29
DA:11,29
DA:12,29
DA:13,29
DA:14,29
LF:8
LH:8
BRDA:1,0,0,1
BRF:1
BRH:1
end_of_record
